2020/11/05 09:23:01 #001: 200     15681    145.944000ms https://www.sitemaps.org/faq.html https://www.sitemaps.org/sitemap.xml
2020/11/05 09:23:01 #002: 200     48475    294.408000ms https://www.sitemaps.org/de/protocol.html https://www.sitemaps.org/sitemap.xml
2020/11/05 09:23:01 #005: 200     46327    451.777000ms https://www.sitemaps.org/da/protocol.html https://www.sitemaps.org/sitemap.xml
2020/11/05 09:23:01 #003: 200      4403    580.873000ms https://www.sitemaps.org/ https://www.sitemaps.org/sitemap.xml
2020/11/05 09:23:01 #004: 200     16796    580.689000ms https://www.sitemaps.org/de/faq.html https://www.sitemaps.org/sitemap.xml
2020/11/05 09:23:01 #002: 200      3390    320.261000ms https://www.sitemaps.org/da/ https://www.sitemaps.org/sitemap.xml
2020/11/05 09:23:01 #001: 200     10839    470.147000ms https://www.sitemaps.org/terms.html https://www.sitemaps.org/sitemap.xml
2020/11/05 09:23:01 #005: 200     11519    178.091000ms https://www.sitemaps.org/da/terms.html https://www.sitemaps.org/sitemap.xml
2020/11/05 09:23:01 #003: 200     45077    159.592000ms https://www.sitemaps.org/protocol.html https://www.sitemaps.org/sitemap.xml
2020/11/05 09:23:01 #004: 200     16100    161.271000ms https://www.sitemaps.org/da/faq.html https://www.sitemaps.org/sitemap.xml
2020/11/05 09:23:01 #002: 200      3574    143.124000ms https://www.sitemaps.org/de/ https://www.sitemaps.org/sitemap.xml
2020/11/05 09:23:01 #001: 200     12240    159.963000ms https://www.sitemaps.org/de/terms.html https://www.sitemaps.org/sitemap.xml
2020/11/05 09:23:01 #005: 200      3290    157.403000ms https://www.sitemaps.org/en_GB/ https://www.sitemaps.org/sitemap.xml
2020/11/05 09:23:01 #003: 200     44987    165.013000ms https://www.sitemaps.org/en_GB/protocol.html https://www.sitemaps.org/sitemap.xml
2020/11/05 09:23:01 #004: 200     15133    165.602000ms https://www.sitemaps.org/en_GB/faq.html https://www.sitemaps.org/sitemap.xml
2020/11/05 09:23:01 #001: 200      3574    146.501000ms https://www.sitemaps.org/es/ https://www.sitemaps.org/sitemap.xml
2020/11/05 09:23:01 #002: 200     10610    167.880000ms https://www.sitemaps.org/en_GB/terms.html https://www.sitemaps.org/sitemap.xml
2020/11/05 09:23:01 #005: 200     12259    157.411000ms https://www.sitemaps.org/es/terms.html https://www.sitemaps.org/sitemap.xml
2020/11/05 09:23:02 #004: 200      3497    141.776000ms https://www.sitemaps.org/fi/ https://www.sitemaps.org/sitemap.xml
2020/11/05 09:23:02 #003: 200     48827    150.920000ms https://www.sitemaps.org/es/protocol.html https://www.sitemaps.org/sitemap.xml
2020/11/05 09:23:02 #001: 200     16926    165.709000ms https://www.sitemaps.org/es/faq.html https://www.sitemaps.org/sitemap.xml
2020/11/05 09:23:02 #002: 200     47793    191.825000ms https://www.sitemaps.org/fi/protocol.html https://www.sitemaps.org/sitemap.xml
2020/11/05 09:23:02 #005: 200     16389    183.219000ms https://www.sitemaps.org/fi/faq.html https://www.sitemaps.org/sitemap.xml
2020/11/05 09:23:02 #004: 200     11112    143.990000ms https://www.sitemaps.org/fi/terms.html https://www.sitemaps.org/sitemap.xml
2020/11/05 09:23:02 #003: 200      3684    141.770000ms https://www.sitemaps.org/fr/ https://www.sitemaps.org/sitemap.xml
2020/11/05 09:23:02 #001: 200     50793    153.614000ms https://www.sitemaps.org/fr/protocol.html https://www.sitemaps.org/sitemap.xml
2020/11/05 09:23:02 #002: 200     17909    164.535000ms https://www.sitemaps.org/fr/faq.html https://www.sitemaps.org/sitemap.xml
2020/11/05 09:23:02 #005: 200     12346    167.172000ms https://www.sitemaps.org/fr/terms.html https://www.sitemaps.org/sitemap.xml
2020/11/05 09:23:02 #004: 200      3412    143.375000ms https://www.sitemaps.org/it/ https://www.sitemaps.org/sitemap.xml
2020/11/05 09:23:02 #003: 200     47462    157.214000ms https://www.sitemaps.org/it/protocol.html https://www.sitemaps.org/sitemap.xml
2020/11/05 09:23:02 #001: 200     16263    147.139000ms https://www.sitemaps.org/it/faq.html https://www.sitemaps.org/sitemap.xml
2020/11/05 09:23:02 #005: 200      3681    146.938000ms https://www.sitemaps.org/ja/ https://www.sitemaps.org/sitemap.xml
2020/11/05 09:23:02 #002: 200     11851    161.819000ms https://www.sitemaps.org/it/terms.html https://www.sitemaps.org/sitemap.xml
2020/11/05 09:23:02 #004: 200     49941    141.551000ms https://www.sitemaps.org/ja/protocol.html https://www.sitemaps.org/sitemap.xml
2020/11/05 09:23:02 #003: 200     17699    161.175000ms https://www.sitemaps.org/ja/faq.html https://www.sitemaps.org/sitemap.xml
2020/11/05 09:23:02 #001: 200     11251    156.226000ms https://www.sitemaps.org/ja/terms.html https://www.sitemaps.org/sitemap.xml
2020/11/05 09:23:02 #005: 200      3490    177.317000ms https://www.sitemaps.org/ko/ https://www.sitemaps.org/sitemap.xml
2020/11/05 09:23:02 #004: 200     16391    143.769000ms https://www.sitemaps.org/ko/faq.html https://www.sitemaps.org/sitemap.xml
2020/11/05 09:23:02 #002: 200     46853    179.266000ms https://www.sitemaps.org/ko/protocol.html https://www.sitemaps.org/sitemap.xml
2020/11/05 09:23:02 #003: 200     47317    154.060000ms https://www.sitemaps.org/nl/protocol.html https://www.sitemaps.org/sitemap.xml
2020/11/05 09:23:02 #001: 200     10591    152.507000ms https://www.sitemaps.org/ko/terms.html https://www.sitemaps.org/sitemap.xml
2020/11/05 09:23:02 #004: 200      3451    141.560000ms https://www.sitemaps.org/no/ https://www.sitemaps.org/sitemap.xml
2020/11/05 09:23:02 #005: 200      3460    162.815000ms https://www.sitemaps.org/nl/ https://www.sitemaps.org/sitemap.xml
2020/11/05 09:23:02 #002: 200     16086    178.231000ms https://www.sitemaps.org/nl/faq.html https://www.sitemaps.org/sitemap.xml
2020/11/05 09:23:02 #003: 200     46508    166.019000ms https://www.sitemaps.org/no/protocol.html https://www.sitemaps.org/sitemap.xml
2020/11/05 09:23:02 #001: 200     11672    156.246000ms https://www.sitemaps.org/nl/terms.html https://www.sitemaps.org/sitemap.xml
2020/11/05 09:23:02 #004: 200     16478    145.017000ms https://www.sitemaps.org/no/faq.html https://www.sitemaps.org/sitemap.xml
2020/11/05 09:23:02 #005: 200      3537    142.726000ms https://www.sitemaps.org/pl/ https://www.sitemaps.org/sitemap.xml
2020/11/05 09:23:02 #002: 200     48911    150.121000ms https://www.sitemaps.org/pl/protocol.html https://www.sitemaps.org/sitemap.xml
2020/11/05 09:23:02 #003: 200     11111    167.146000ms https://www.sitemaps.org/no/terms.html https://www.sitemaps.org/sitemap.xml
2020/11/05 09:23:02 #001: 200     17007    155.452000ms https://www.sitemaps.org/pl/faq.html https://www.sitemaps.org/sitemap.xml
2020/11/05 09:23:03 #004: 200     12113    142.956000ms https://www.sitemaps.org/pl/terms.html https://www.sitemaps.org/sitemap.xml
2020/11/05 09:23:03 #005: 200      3530    159.998000ms https://www.sitemaps.org/pt_BR/ https://www.sitemaps.org/sitemap.xml
2020/11/05 09:23:03 #002: 200     47572    170.973000ms https://www.sitemaps.org/pt_BR/protocol.html https://www.sitemaps.org/sitemap.xml
2020/11/05 09:23:03 #001: 200     11223    165.263000ms https://www.sitemaps.org/pt_BR/terms.html https://www.sitemaps.org/sitemap.xml
2020/11/05 09:23:03 #003: 200     16030    180.864000ms https://www.sitemaps.org/pt_BR/faq.html https://www.sitemaps.org/sitemap.xml
2020/11/05 09:23:03 #004: 200      3603    141.400000ms https://www.sitemaps.org/ro/ https://www.sitemaps.org/sitemap.xml
2020/11/05 09:23:03 #005: 200      4470    143.721000ms https://www.sitemaps.org/ru/ https://www.sitemaps.org/sitemap.xml
2020/11/05 09:23:03 #002: 200     45284    166.102000ms https://www.sitemaps.org/ro/protocol.html https://www.sitemaps.org/sitemap.xml
2020/11/05 09:23:03 #004: 200     12060    144.970000ms https://www.sitemaps.org/ro/terms.html https://www.sitemaps.org/sitemap.xml
2020/11/05 09:23:03 #001: 200     16709    163.918000ms https://www.sitemaps.org/ro/faq.html https://www.sitemaps.org/sitemap.xml
2020/11/05 09:23:03 #003: 200     22730    177.690000ms https://www.sitemaps.org/ru/faq.html https://www.sitemaps.org/sitemap.xml
2020/11/05 09:23:03 #005: 200     18499    168.202000ms https://www.sitemaps.org/ru/terms.html https://www.sitemaps.org/sitemap.xml
2020/11/05 09:23:03 #002: 200     61235    147.121000ms https://www.sitemaps.org/ru/protocol.html https://www.sitemaps.org/sitemap.xml
2020/11/05 09:23:03 #004: 200     45880    151.228000ms https://www.sitemaps.org/sv/protocol.html https://www.sitemaps.org/sitemap.xml
2020/11/05 09:23:03 #001: 200      3529    160.718000ms https://www.sitemaps.org/sv/ https://www.sitemaps.org/sitemap.xml
2020/11/05 09:23:03 #003: 200     11517    162.613000ms https://www.sitemaps.org/sv/terms.html https://www.sitemaps.org/sitemap.xml
2020/11/05 09:23:03 #005: 200      3564    156.953000ms https://www.sitemaps.org/tr/ https://www.sitemaps.org/sitemap.xml
2020/11/05 09:23:03 #002: 200     16201    161.260000ms https://www.sitemaps.org/sv/faq.html https://www.sitemaps.org/sitemap.xml
2020/11/05 09:23:03 #004: 200     16681    145.339000ms https://www.sitemaps.org/tr/faq.html https://www.sitemaps.org/sitemap.xml
2020/11/05 09:23:03 #001: 200     43452    169.002000ms https://www.sitemaps.org/tr/protocol.html https://www.sitemaps.org/sitemap.xml
2020/11/05 09:23:03 #003: 200      3142    142.544000ms https://www.sitemaps.org/zh_CN/ https://www.sitemaps.org/sitemap.xml
2020/11/05 09:23:03 #005: 200     47266    150.686000ms https://www.sitemaps.org/zh_CN/protocol.html https://www.sitemaps.org/sitemap.xml
2020/11/05 09:23:03 #002: 200     12292    156.230000ms https://www.sitemaps.org/tr/terms.html https://www.sitemaps.org/sitemap.xml
2020/11/05 09:23:03 #004: 200     14073    145.876000ms https://www.sitemaps.org/zh_CN/faq.html https://www.sitemaps.org/sitemap.xml
2020/11/05 09:23:03 #001: 200     41436    178.351000ms https://www.sitemaps.org/zh_HK/protocol.html https://www.sitemaps.org/sitemap.xml
2020/11/05 09:23:03 #003: 200      7985    178.609000ms https://www.sitemaps.org/zh_HK/terms.html https://www.sitemaps.org/sitemap.xml
2020/11/05 09:23:03 #005: 200     14250    166.870000ms https://www.sitemaps.org/zh_HK/faq.html https://www.sitemaps.org/sitemap.xml
2020/11/05 09:23:03 #002: 200      3069    159.924000ms https://www.sitemaps.org/zh_TW/ https://www.sitemaps.org/sitemap.xml
2020/11/05 09:23:03 #004: 200      8111    142.664000ms https://www.sitemaps.org/zh_CN/terms.html https://www.sitemaps.org/sitemap.xml
2020/11/05 09:23:03 #001: 200     14250    161.370000ms https://www.sitemaps.org/zh_TW/faq.html https://www.sitemaps.org/sitemap.xml
2020/11/05 09:23:04 #005: 200      3069    175.031000ms https://www.sitemaps.org/zh_HK/ https://www.sitemaps.org/sitemap.xml
2020/11/05 09:23:04 #003: 200      7985    194.020000ms https://www.sitemaps.org/zh_TW/terms.html https://www.sitemaps.org/sitemap.xml
2020/11/05 09:23:04 #004: 200      4403    140.943000ms https://www.sitemaps.org https://www.sitemaps.org/faq.html
2020/11/05 09:23:04 #002: 200     41437    149.194000ms https://www.sitemaps.org/zh_TW/protocol.html https://www.sitemaps.org/sitemap.xml
2020/11/05 09:23:04 #004: 404      1245    141.557000ms https://www.sitemaps.org/protocol.ph https://www.sitemaps.org/faq.html
2020/11/05 09:23:04 #003: 200      4403    282.988000ms https://www.sitemaps.org/index.php https://www.sitemaps.org/faq.html
2020/11/05 09:23:04 #005: 200     45077    292.441000ms https://www.sitemaps.org/protocol.php https://www.sitemaps.org/faq.html
2020/11/05 09:23:04 #002: 200     10839    283.854000ms https://www.sitemaps.org/terms.php https://www.sitemaps.org/faq.html
2020/11/05 09:23:04 #001: 200      4403    427.472000ms http://www.sitemaps.org/ https://www.sitemaps.org/faq.html
2020/11/05 09:23:04 #002: 200      4403    141.537000ms https://www.sitemaps.org https://www.sitemaps.org/de/protocol.html
2020/11/05 09:23:04 #004: 200      2591    372.835000ms http://www.sitemaps.org/schemas/sitemap/0.9/siteindex.xsd https://www.sitemaps.org/faq.html
2020/11/05 09:23:04 #003: 200      4451    303.968000ms http://www.sitemaps.org/schemas/sitemap/0.9/sitemap.xsd https://www.sitemaps.org/faq.html
2020/11/05 09:23:04 #002: 200     15681    145.082000ms https://www.sitemaps.org/faq.html https://www.sitemaps.org/de/protocol.html
2020/11/05 09:23:04 #005: 404      1245    383.123000ms http://www.sitemaps.org/protocol.ph https://www.sitemaps.org/faq.html
2020/11/05 09:23:04 #004: 200      4403    193.592000ms https://www.sitemaps.org/index.html https://www.sitemaps.org/de/protocol.html
2020/11/05 09:23:04 #001: 200      4403    342.321000ms http://www.sitemaps.org/ https://www.sitemaps.org/de/protocol.html
2020/11/05 09:23:04 #005: 200     10839    146.199000ms https://www.sitemaps.org/terms.html https://www.sitemaps.org/de/protocol.html
2020/11/05 09:23:04 #004: 200      4403    144.322000ms https://www.sitemaps.org https://www.sitemaps.org/da/protocol.html
2020/11/05 09:23:04 #003: 200      2591    288.609000ms http://www.sitemaps.org/schemas/sitemap/0.9/siteindex.xsd https://www.sitemaps.org/de/protocol.html
2020/11/05 09:23:04 #002: 200      4451    372.136000ms http://www.sitemaps.org/schemas/sitemap/0.9/sitemap.xsd https://www.sitemaps.org/de/protocol.html
2020/11/05 09:23:05 #005: 200      4403    191.785000ms https://www.sitemaps.org/index.html https://www.sitemaps.org/da/protocol.html
2020/11/05 09:23:05 #004: 200     15681    144.821000ms https://www.sitemaps.org/faq.html https://www.sitemaps.org/da/protocol.html
2020/11/05 09:23:05 #001: 200      4403    373.943000ms http://www.sitemaps.org/ https://www.sitemaps.org/da/protocol.html
2020/11/05 09:23:05 #005: 200     10839    141.291000ms https://www.sitemaps.org/terms.html https://www.sitemaps.org/da/protocol.html
2020/11/05 09:23:05 #003: 200      2591    284.913000ms http://www.sitemaps.org/schemas/sitemap/0.9/siteindex.xsd https://www.sitemaps.org/da/protocol.html
2020/11/05 09:23:05 #004: 200      4403    143.008000ms https://www.sitemaps.org https://www.sitemaps.org/
2020/11/05 09:23:05 #002: 200      4451    284.482000ms http://www.sitemaps.org/schemas/sitemap/0.9/sitemap.xsd https://www.sitemaps.org/da/protocol.html
2020/11/05 09:23:05 #002: 200      4403    141.203000ms https://www.sitemaps.org https://www.sitemaps.org/de/faq.html
2020/11/05 09:23:05 #001: 200     10839    331.764000ms https://www.sitemaps.org/terms.php https://www.sitemaps.org/
2020/11/05 09:23:05 #003: 200     15681    283.335000ms https://www.sitemaps.org/faq.php https://www.sitemaps.org/
2020/11/05 09:23:05 #004: 200      4403    283.932000ms http://www.sitemaps.org/ https://www.sitemaps.org/de/faq.html
2020/11/05 09:23:05 #005: 200     45077    286.548000ms https://www.sitemaps.org/protocol.php https://www.sitemaps.org/
2020/11/05 09:23:05 #002: 200     45077    143.343000ms https://www.sitemaps.org/protocol.html https://www.sitemaps.org/de/faq.html
2020/11/05 09:23:05 #001: 404      1245    141.204000ms https://www.sitemaps.org/protocol.htm https://www.sitemaps.org/de/faq.html
2020/11/05 09:23:05 #003: 200      4403    142.492000ms https://www.sitemaps.org/index.html https://www.sitemaps.org/de/faq.html
2020/11/05 09:23:05 #001: 200     10839    143.644000ms https://www.sitemaps.org/terms.html https://www.sitemaps.org/de/faq.html
2020/11/05 09:23:05 #005: 404      1245    284.210000ms http://www.sitemaps.org/protocol.htm https://www.sitemaps.org/de/faq.html
2020/11/05 09:23:05 #004: 200      2591    285.584000ms http://www.sitemaps.org/schemas/sitemap/0.9/siteindex.xsd https://www.sitemaps.org/de/faq.html
2020/11/05 09:23:05 #003: 200      4403    282.164000ms https://www.sitemaps.org https://www.sitemaps.org/da/
2020/11/05 09:23:05 #002: 200      4451    335.099000ms http://www.sitemaps.org/schemas/sitemap/0.9/sitemap.xsd https://www.sitemaps.org/de/faq.html
2020/11/05 09:23:05 #001: 200     10839    146.590000ms https://www.sitemaps.org/terms.html https://www.sitemaps.org/da/
2020/11/05 09:23:06 #005: 200     15681    439.699000ms https://www.sitemaps.org/faq.html https://www.sitemaps.org/da/
2020/11/05 09:23:06 #004: 200     45077    441.177000ms https://www.sitemaps.org/protocol.html https://www.sitemaps.org/da/
2020/11/05 09:23:06 #003: 200     45077    580.511000ms https://www.sitemaps.org/protocol.php https://www.sitemaps.org/terms.html
2020/11/05 09:23:06 #005: 200     45077    277.686000ms https://www.sitemaps.org/protocol.html https://www.sitemaps.org/da/terms.html
2020/11/05 09:23:06 #001: 200      4403    844.012000ms https://www.sitemaps.org/index.php https://www.sitemaps.org/terms.html
2020/11/05 09:23:06 #003: 200      4403    264.500000ms https://www.sitemaps.org/index.html https://www.sitemaps.org/da/terms.html
2020/11/05 09:23:06 #005: 200      4403    264.407000ms https://www.sitemaps.org https://www.sitemaps.org/protocol.html
2020/11/05 09:23:06 #004: 200     15681    543.067000ms https://www.sitemaps.org/faq.html https://www.sitemaps.org/da/terms.html
2020/11/05 09:23:06 #002: 200     15681    845.239000ms https://www.sitemaps.org/faq.php https://www.sitemaps.org/terms.html
2020/11/05 09:23:07 #004: 200      2591    384.974000ms http://www.sitemaps.org/schemas/sitemap/0.9/siteindex.xsd https://www.sitemaps.org/protocol.html
2020/11/05 09:23:07 #005: 200      4403    386.631000ms https://www.sitemaps.org/index.php https://www.sitemaps.org/protocol.html
2020/11/05 09:23:07 #001: 200      4403    387.731000ms http://www.sitemaps.org/ https://www.sitemaps.org/protocol.html
2020/11/05 09:23:07 #003: 200     15681    387.606000ms https://www.sitemaps.org/faq.php https://www.sitemaps.org/protocol.html
2020/11/05 09:23:07 #002: 200      4451    613.274000ms http://www.sitemaps.org/schemas/sitemap/0.9/sitemap.xsd https://www.sitemaps.org/protocol.html
2020/11/05 09:23:07 #005: 200      4403    227.538000ms https://www.sitemaps.org https://www.sitemaps.org/da/faq.html
2020/11/05 09:23:07 #001: 200      4403    405.344000ms http://www.sitemaps.org/ https://www.sitemaps.org/da/faq.html
2020/11/05 09:23:07 #003: 404      1245    406.164000ms https://www.sitemaps.org/protocol.htm https://www.sitemaps.org/da/faq.html
2020/11/05 09:23:07 #004: 200     10839    408.787000ms https://www.sitemaps.org/terms.php https://www.sitemaps.org/protocol.html
2020/11/05 09:23:07 #005: 404      1245    357.720000ms http://www.sitemaps.org/protocol.htm https://www.sitemaps.org/da/faq.html
2020/11/05 09:23:07 #002: 200      4451    358.221000ms http://www.sitemaps.org/schemas/sitemap/0.9/sitemap.xsd https://www.sitemaps.org/da/faq.html
2020/11/05 09:23:07 #001: 200     10839    180.138000ms https://www.sitemaps.org/terms.html https://www.sitemaps.org/da/faq.html
2020/11/05 09:23:07 #004: 200     45077    178.770000ms https://www.sitemaps.org/protocol.html https://www.sitemaps.org/da/faq.html
2020/11/05 09:23:07 #003: 200      2591    320.736000ms http://www.sitemaps.org/schemas/sitemap/0.9/siteindex.xsd https://www.sitemaps.org/da/faq.html
2020/11/05 09:23:07 #002: 200      4403    142.063000ms https://www.sitemaps.org https://www.sitemaps.org/de/
2020/11/05 09:23:07 #005: 200      4403    142.339000ms https://www.sitemaps.org/index.html https://www.sitemaps.org/da/faq.html
2020/11/05 09:23:07 #001: 200     15681    142.795000ms https://www.sitemaps.org/faq.html https://www.sitemaps.org/de/
2020/11/05 09:23:08 #005: 200      4403    277.616000ms https://www.sitemaps.org/index.html https://www.sitemaps.org/de/terms.html
2020/11/05 09:23:08 #003: 200     10839    278.249000ms https://www.sitemaps.org/terms.html https://www.sitemaps.org/de/
2020/11/05 09:23:08 #004: 200     45077    418.132000ms https://www.sitemaps.org/protocol.html https://www.sitemaps.org/de/
2020/11/05 09:23:08 #002: 200     45077    278.379000ms https://www.sitemaps.org/protocol.html https://www.sitemaps.org/de/terms.html
2020/11/05 09:23:08 #005: 200      4403    147.445000ms https://www.sitemaps.org https://www.sitemaps.org/en_GB/
2020/11/05 09:23:08 #004: 200     10839    144.613000ms https://www.sitemaps.org/terms.html https://www.sitemaps.org/en_GB/
2020/11/05 09:23:08 #001: 200     15681    423.602000ms https://www.sitemaps.org/faq.html https://www.sitemaps.org/de/terms.html
2020/11/05 09:23:08 #003: 200     15681    146.199000ms https://www.sitemaps.org/faq.html https://www.sitemaps.org/en_GB/
2020/11/05 09:23:08 #005: 200      4403    181.428000ms https://www.sitemaps.org https://www.sitemaps.org/en_GB/protocol.html
2020/11/05 09:23:08 #001: 200     10839    180.245000ms https://www.sitemaps.org/terms.html https://www.sitemaps.org/en_GB/protocol.html
2020/11/05 09:23:08 #002: 200     45077    326.572000ms https://www.sitemaps.org/protocol.html https://www.sitemaps.org/en_GB/
2020/11/05 09:23:08 #003: 200      4451    358.748000ms http://www.sitemaps.org/schemas/sitemap/0.9/sitemap.xsd https://www.sitemaps.org/en_GB/protocol.html
2020/11/05 09:23:08 #004: 200      4403    359.147000ms http://www.sitemaps.org/ https://www.sitemaps.org/en_GB/protocol.html
2020/11/05 09:23:08 #005: 200      4403    178.418000ms https://www.sitemaps.org/index.html https://www.sitemaps.org/en_GB/protocol.html
2020/11/05 09:23:08 #002: 200     15681    177.098000ms https://www.sitemaps.org/faq.html https://www.sitemaps.org/en_GB/protocol.html
2020/11/05 09:23:08 #001: 200      2591    357.328000ms http://www.sitemaps.org/schemas/sitemap/0.9/siteindex.xsd https://www.sitemaps.org/en_GB/protocol.html
2020/11/05 09:23:08 #002: 200      4403    177.711000ms https://www.sitemaps.org/index.html https://www.sitemaps.org/en_GB/faq.html
2020/11/05 09:23:08 #003: 200      4403    179.404000ms https://www.sitemaps.org https://www.sitemaps.org/en_GB/faq.html
2020/11/05 09:23:08 #005: 200     45077    179.196000ms https://www.sitemaps.org/protocol.html https://www.sitemaps.org/en_GB/faq.html
2020/11/05 09:23:08 #004: 200      4403    357.028000ms http://www.sitemaps.org/ https://www.sitemaps.org/en_GB/faq.html
2020/11/05 09:23:08 #001: 404      1245    179.006000ms https://www.sitemaps.org/protocol.htm https://www.sitemaps.org/en_GB/faq.html
2020/11/05 09:23:08 #005: 200     10839    177.004000ms https://www.sitemaps.org/terms.html https://www.sitemaps.org/en_GB/faq.html
2020/11/05 09:23:09 #003: 404      1245    355.736000ms http://www.sitemaps.org/protocol.htm https://www.sitemaps.org/en_GB/faq.html
2020/11/05 09:23:09 #002: 200      2591    355.997000ms http://www.sitemaps.org/schemas/sitemap/0.9/siteindex.xsd https://www.sitemaps.org/en_GB/faq.html
2020/11/05 09:23:09 #001: 200      4403    177.354000ms https://www.sitemaps.org https://www.sitemaps.org/es/
2020/11/05 09:23:09 #004: 200      4451    330.214000ms http://www.sitemaps.org/schemas/sitemap/0.9/sitemap.xsd https://www.sitemaps.org/en_GB/faq.html
2020/11/05 09:23:09 #005: 200     10839    329.631000ms https://www.sitemaps.org/terms.html https://www.sitemaps.org/es/
2020/11/05 09:23:09 #003: 200     15681    152.125000ms https://www.sitemaps.org/faq.html https://www.sitemaps.org/es/
2020/11/05 09:23:09 #004: 200     15681    143.227000ms https://www.sitemaps.org/faq.html https://www.sitemaps.org/en_GB/terms.html
2020/11/05 09:23:09 #002: 200     45077    295.441000ms https://www.sitemaps.org/protocol.html https://www.sitemaps.org/es/
2020/11/05 09:23:09 #001: 200     45077    295.200000ms https://www.sitemaps.org/protocol.html https://www.sitemaps.org/en_GB/terms.html
2020/11/05 09:23:09 #005: 200      4403    286.994000ms https://www.sitemaps.org/index.html https://www.sitemaps.org/en_GB/terms.html
2020/11/05 09:23:09 #003: 200      4403    287.138000ms https://www.sitemaps.org/index.html https://www.sitemaps.org/es/terms.html
2020/11/05 09:23:09 #004: 200     15681    144.366000ms https://www.sitemaps.org/faq.html https://www.sitemaps.org/es/terms.html
2020/11/05 09:23:09 #002: 200     45077    144.482000ms https://www.sitemaps.org/protocol.html https://www.sitemaps.org/es/terms.html
2020/11/05 09:23:09 #001: 200      4403    292.746000ms https://www.sitemaps.org https://www.sitemaps.org/fi/
2020/11/05 09:23:09 #002: 200      4403    146.916000ms https://www.sitemaps.org https://www.sitemaps.org/es/protocol.html
2020/11/05 09:23:09 #005: 200     15681    149.054000ms https://www.sitemaps.org/faq.html https://www.sitemaps.org/fi/
2020/11/05 09:23:09 #004: 200     10839    149.469000ms https://www.sitemaps.org/terms.html https://www.sitemaps.org/fi/
2020/11/05 09:23:09 #003: 200     45077    149.226000ms https://www.sitemaps.org/protocol.html https://www.sitemaps.org/fi/
2020/11/05 09:23:09 #005: 200      4403    142.749000ms https://www.sitemaps.org/index.html https://www.sitemaps.org/es/protocol.html
2020/11/05 09:23:09 #001: 200     15681    142.982000ms https://www.sitemaps.org/faq.html https://www.sitemaps.org/es/protocol.html
2020/11/05 09:23:09 #003: 200     10839    143.379000ms https://www.sitemaps.org/terms.html https://www.sitemaps.org/es/protocol.html
2020/11/05 09:23:10 #004: 200      4451    285.991000ms http://www.sitemaps.org/schemas/sitemap/0.9/sitemap.xsd https://www.sitemaps.org/es/protocol.html
2020/11/05 09:23:10 #002: 200      4403    286.549000ms http://www.sitemaps.org/ https://www.sitemaps.org/es/protocol.html
2020/11/05 09:23:10 #001: 200      4403    143.799000ms https://www.sitemaps.org https://www.sitemaps.org/es/faq.html
2020/11/05 09:23:10 #005: 200      2591    287.001000ms http://www.sitemaps.org/schemas/sitemap/0.9/siteindex.xsd https://www.sitemaps.org/es/protocol.html
2020/11/05 09:23:10 #004: 404      1245    144.298000ms https://www.sitemaps.org/protocol.htm https://www.sitemaps.org/es/faq.html
2020/11/05 09:23:10 #003: 200      4403    285.732000ms http://www.sitemaps.org/ https://www.sitemaps.org/es/faq.html
2020/11/05 09:23:10 #001: 200      4403    282.976000ms https://www.sitemaps.org/index.html https://www.sitemaps.org/es/faq.html
2020/11/05 09:23:10 #002: 200     45077    287.679000ms https://www.sitemaps.org/protocol.html https://www.sitemaps.org/es/faq.html
2020/11/05 09:23:10 #004: 404      1245    282.749000ms http://www.sitemaps.org/protocol.htm https://www.sitemaps.org/es/faq.html
2020/11/05 09:23:10 #001: 200     10839    141.951000ms https://www.sitemaps.org/terms.html https://www.sitemaps.org/es/faq.html
2020/11/05 09:23:10 #005: 200      2591    293.601000ms http://www.sitemaps.org/schemas/sitemap/0.9/siteindex.xsd https://www.sitemaps.org/es/faq.html
2020/11/05 09:23:10 #003: 200      4451    426.685000ms http://www.sitemaps.org/schemas/sitemap/0.9/sitemap.xsd https://www.sitemaps.org/es/faq.html
2020/11/05 09:23:10 #002: 200      4403    282.021000ms https://www.sitemaps.org https://www.sitemaps.org/fi/protocol.html
2020/11/05 09:23:10 #001: 200     15681    143.815000ms https://www.sitemaps.org/faq.html https://www.sitemaps.org/fi/protocol.html
2020/11/05 09:23:10 #005: 200      4403    142.126000ms https://www.sitemaps.org/index.html https://www.sitemaps.org/fi/protocol.html
2020/11/05 09:23:10 #002: 200     10839    142.853000ms https://www.sitemaps.org/terms.html https://www.sitemaps.org/fi/protocol.html
2020/11/05 09:23:10 #004: 200      4403    287.884000ms http://www.sitemaps.org/ https://www.sitemaps.org/fi/protocol.html
2020/11/05 09:23:10 #005: 200     45077    141.451000ms https://www.sitemaps.org/protocol.html https://www.sitemaps.org/fi/faq.html
2020/11/05 09:23:10 #003: 200      2591    284.644000ms http://www.sitemaps.org/schemas/sitemap/0.9/siteindex.xsd https://www.sitemaps.org/fi/protocol.html
2020/11/05 09:23:10 #002: 200      4403    141.556000ms https://www.sitemaps.org/index.html https://www.sitemaps.org/fi/faq.html
2020/11/05 09:23:10 #001: 200      4451    285.637000ms http://www.sitemaps.org/schemas/sitemap/0.9/sitemap.xsd https://www.sitemaps.org/fi/protocol.html
2020/11/05 09:23:10 #005: 200      4403    142.324000ms https://www.sitemaps.org https://www.sitemaps.org/fi/faq.html
2020/11/05 09:23:11 #003: 404      1245    145.321000ms https://www.sitemaps.org/protocol.htm https://www.sitemaps.org/fi/faq.html
2020/11/05 09:23:11 #004: 200      4403    286.173000ms http://www.sitemaps.org/ https://www.sitemaps.org/fi/faq.html
2020/11/05 09:23:11 #001: 200     10839    144.207000ms https://www.sitemaps.org/terms.html https://www.sitemaps.org/fi/faq.html
2020/11/05 09:23:11 #002: 404      1245    285.716000ms http://www.sitemaps.org/protocol.htm https://www.sitemaps.org/fi/faq.html
2020/11/05 09:23:11 #001: 200      4403    141.937000ms https://www.sitemaps.org/index.html https://www.sitemaps.org/fi/terms.html
2020/11/05 09:23:11 #004: 200     15681    142.243000ms https://www.sitemaps.org/faq.html https://www.sitemaps.org/fi/terms.html
2020/11/05 09:23:11 #005: 200      2591    417.852000ms http://www.sitemaps.org/schemas/sitemap/0.9/siteindex.xsd https://www.sitemaps.org/fi/faq.html
2020/11/05 09:23:11 #003: 200      4451    283.742000ms http://www.sitemaps.org/schemas/sitemap/0.9/sitemap.xsd https://www.sitemaps.org/fi/faq.html
2020/11/05 09:23:11 #002: 200     45077    144.024000ms https://www.sitemaps.org/protocol.html https://www.sitemaps.org/fi/terms.html
2020/11/05 09:23:11 #001: 200      4403    281.854000ms https://www.sitemaps.org https://www.sitemaps.org/fr/
2020/11/05 09:23:11 #004: 200     10839    282.413000ms https://www.sitemaps.org/terms.html https://www.sitemaps.org/fr/
2020/11/05 09:23:11 #005: 200     45077    147.131000ms https://www.sitemaps.org/protocol.html https://www.sitemaps.org/fr/
2020/11/05 09:23:11 #003: 200     15681    284.570000ms https://www.sitemaps.org/faq.html https://www.sitemaps.org/fr/
2020/11/05 09:23:11 #002: 200      4403    282.181000ms https://www.sitemaps.org https://www.sitemaps.org/fr/protocol.html
2020/11/05 09:23:11 #004: 200     15681    144.917000ms https://www.sitemaps.org/faq.html https://www.sitemaps.org/fr/protocol.html
2020/11/05 09:23:11 #005: 200      4403    144.844000ms https://www.sitemaps.org/index.html https://www.sitemaps.org/fr/protocol.html
2020/11/05 09:23:11 #001: 200      4403    285.901000ms http://www.sitemaps.org/ https://www.sitemaps.org/fr/protocol.html
2020/11/05 09:23:11 #004: 200     10839    143.210000ms https://www.sitemaps.org/terms.html https://www.sitemaps.org/fr/protocol.html
2020/11/05 09:23:11 #005: 200      4403    142.035000ms https://www.sitemaps.org https://www.sitemaps.org/fr/faq.html
2020/11/05 09:23:11 #002: 200      2591    285.571000ms http://www.sitemaps.org/schemas/sitemap/0.9/siteindex.xsd https://www.sitemaps.org/fr/protocol.html
2020/11/05 09:23:11 #003: 200      4451    286.735000ms http://www.sitemaps.org/schemas/sitemap/0.9/sitemap.xsd https://www.sitemaps.org/fr/protocol.html
2020/11/05 09:23:11 #004: 200      4403    141.618000ms https://www.sitemaps.org/index.html https://www.sitemaps.org/fr/faq.html
2020/11/05 09:23:11 #001: 200     45077    145.053000ms https://www.sitemaps.org/protocol.html https://www.sitemaps.org/fr/faq.html
2020/11/05 09:23:12 #002: 404      1245    144.248000ms https://www.sitemaps.org/protocol.htm https://www.sitemaps.org/fr/faq.html
2020/11/05 09:23:12 #005: 200      4403    282.375000ms http://www.sitemaps.org/ https://www.sitemaps.org/fr/faq.html
2020/11/05 09:23:12 #003: 200      2591    285.471000ms http://www.sitemaps.org/schemas/sitemap/0.9/siteindex.xsd https://www.sitemaps.org/fr/faq.html
2020/11/05 09:23:12 #004: 200      4451    285.419000ms http://www.sitemaps.org/schemas/sitemap/0.9/sitemap.xsd https://www.sitemaps.org/fr/faq.html
2020/11/05 09:23:12 #002: 200     10839    143.206000ms https://www.sitemaps.org/terms.html https://www.sitemaps.org/fr/faq.html
2020/11/05 09:23:12 #003: 200      4403    143.380000ms https://www.sitemaps.org/index.html https://www.sitemaps.org/fr/terms.html
2020/11/05 09:23:12 #001: 404      1245    435.259000ms http://www.sitemaps.org/protocol.htm https://www.sitemaps.org/fr/faq.html
2020/11/05 09:23:12 #005: 200     45077    293.003000ms https://www.sitemaps.org/protocol.html https://www.sitemaps.org/fr/terms.html
2020/11/05 09:23:12 #004: 200     15681    285.541000ms https://www.sitemaps.org/faq.html https://www.sitemaps.org/fr/terms.html
2020/11/05 09:23:12 #002: 200      4403    291.453000ms https://www.sitemaps.org https://www.sitemaps.org/it/
2020/11/05 09:23:12 #003: 200     15681    149.582000ms https://www.sitemaps.org/faq.html https://www.sitemaps.org/it/
2020/11/05 09:23:12 #001: 200     10839    278.019000ms https://www.sitemaps.org/terms.html https://www.sitemaps.org/it/
2020/11/05 09:23:12 #005: 200     45077    278.016000ms https://www.sitemaps.org/protocol.html https://www.sitemaps.org/it/
2020/11/05 09:23:12 #004: 200      4403    149.653000ms https://www.sitemaps.org https://www.sitemaps.org/it/protocol.html
2020/11/05 09:23:12 #003: 200     15681    142.002000ms https://www.sitemaps.org/faq.html https://www.sitemaps.org/it/protocol.html
2020/11/05 09:23:12 #001: 200      4403    144.793000ms https://www.sitemaps.org/index.html https://www.sitemaps.org/it/protocol.html
2020/11/05 09:23:12 #002: 200      4403    285.080000ms http://www.sitemaps.org/ https://www.sitemaps.org/it/protocol.html
2020/11/05 09:23:12 #003: 200     10839    141.605000ms https://www.sitemaps.org/terms.html https://www.sitemaps.org/it/protocol.html
2020/11/05 09:23:12 #005: 200      2591    283.373000ms http://www.sitemaps.org/schemas/sitemap/0.9/siteindex.xsd https://www.sitemaps.org/it/protocol.html
2020/11/05 09:23:12 #004: 200      4451    282.675000ms http://www.sitemaps.org/schemas/sitemap/0.9/sitemap.xsd https://www.sitemaps.org/it/protocol.html
2020/11/05 09:23:12 #001: 200      4403    145.273000ms https://www.sitemaps.org https://www.sitemaps.org/it/faq.html
2020/11/05 09:23:12 #002: 200     45077    143.500000ms https://www.sitemaps.org/protocol.html https://www.sitemaps.org/it/faq.html
2020/11/05 09:23:13 #005: 200      4403    142.899000ms https://www.sitemaps.org/index.html https://www.sitemaps.org/it/faq.html
2020/11/05 09:23:13 #004: 404      1245    143.431000ms https://www.sitemaps.org/protocol.htm https://www.sitemaps.org/it/faq.html
2020/11/05 09:23:13 #003: 200      4403    284.050000ms http://www.sitemaps.org/ https://www.sitemaps.org/it/faq.html
2020/11/05 09:23:13 #001: 200      2591    287.272000ms http://www.sitemaps.org/schemas/sitemap/0.9/siteindex.xsd https://www.sitemaps.org/it/faq.html
2020/11/05 09:23:13 #002: 404      1245    284.490000ms http://www.sitemaps.org/protocol.htm https://www.sitemaps.org/it/faq.html
2020/11/05 09:23:13 #004: 200     10839    145.401000ms https://www.sitemaps.org/terms.html https://www.sitemaps.org/it/faq.html
2020/11/05 09:23:13 #005: 200      4451    290.329000ms http://www.sitemaps.org/schemas/sitemap/0.9/sitemap.xsd https://www.sitemaps.org/it/faq.html
2020/11/05 09:23:13 #002: 200     10839    144.252000ms https://www.sitemaps.org/terms.html https://www.sitemaps.org/ja/
2020/11/05 09:23:13 #001: 200      4403    145.559000ms https://www.sitemaps.org https://www.sitemaps.org/ja/
2020/11/05 09:23:13 #003: 200     15681    288.497000ms https://www.sitemaps.org/faq.html https://www.sitemaps.org/ja/
2020/11/05 09:23:13 #004: 200     45077    144.174000ms https://www.sitemaps.org/protocol.html https://www.sitemaps.org/ja/
2020/11/05 09:23:13 #001: 200      4403    142.486000ms https://www.sitemaps.org/index.html https://www.sitemaps.org/it/terms.html
2020/11/05 09:23:13 #002: 200     15681    143.634000ms https://www.sitemaps.org/faq.html https://www.sitemaps.org/it/terms.html
2020/11/05 09:23:13 #005: 200     45077    144.975000ms https://www.sitemaps.org/protocol.html https://www.sitemaps.org/it/terms.html
2020/11/05 09:23:13 #004: 200      4403    143.791000ms https://www.sitemaps.org https://www.sitemaps.org/ja/protocol.html
2020/11/05 09:23:13 #002: 200      4403    142.478000ms https://www.sitemaps.org/index.html https://www.sitemaps.org/ja/protocol.html
2020/11/05 09:23:13 #001: 200     15681    142.947000ms https://www.sitemaps.org/faq.html https://www.sitemaps.org/ja/protocol.html
2020/11/05 09:23:13 #003: 200      4403    286.931000ms http://www.sitemaps.org/ https://www.sitemaps.org/ja/protocol.html
2020/11/05 09:23:13 #004: 200      2591    284.090000ms http://www.sitemaps.org/schemas/sitemap/0.9/siteindex.xsd https://www.sitemaps.org/ja/protocol.html
2020/11/05 09:23:13 #005: 200      4451    285.592000ms http://www.sitemaps.org/schemas/sitemap/0.9/sitemap.xsd https://www.sitemaps.org/ja/protocol.html
2020/11/05 09:23:13 #001: 200      4403    143.355000ms https://www.sitemaps.org https://www.sitemaps.org/ja/faq.html
2020/11/05 09:23:13 #002: 200     10839    143.599000ms https://www.sitemaps.org/terms.html https://www.sitemaps.org/ja/protocol.html
2020/11/05 09:23:13 #003: 200      4403    284.564000ms http://www.sitemaps.org/ https://www.sitemaps.org/ja/faq.html
2020/11/05 09:23:13 #004: 200     45077    143.170000ms https://www.sitemaps.org/protocol.html https://www.sitemaps.org/ja/faq.html
2020/11/05 09:23:13 #002: 200     10839    144.948000ms https://www.sitemaps.org/terms.html https://www.sitemaps.org/ja/faq.html
2020/11/05 09:23:14 #003: 404      1245    143.233000ms https://www.sitemaps.org/protocol.htm https://www.sitemaps.org/ja/faq.html
2020/11/05 09:23:14 #005: 200      4451    287.902000ms http://www.sitemaps.org/schemas/sitemap/0.9/sitemap.xsd https://www.sitemaps.org/ja/faq.html
2020/11/05 09:23:14 #001: 404      1245    287.631000ms http://www.sitemaps.org/protocol.htm https://www.sitemaps.org/ja/faq.html
2020/11/05 09:23:14 #002: 200      4403    142.439000ms https://www.sitemaps.org/index.html https://www.sitemaps.org/ja/faq.html
2020/11/05 09:23:14 #003: 200      4403    142.202000ms https://www.sitemaps.org/index.html https://www.sitemaps.org/ja/terms.html
2020/11/05 09:23:14 #004: 200      2591    284.990000ms http://www.sitemaps.org/schemas/sitemap/0.9/siteindex.xsd https://www.sitemaps.org/ja/faq.html
2020/11/05 09:23:14 #005: 200     45077    146.867000ms https://www.sitemaps.org/protocol.html https://www.sitemaps.org/ja/terms.html
2020/11/05 09:23:14 #002: 200      4403    284.447000ms https://www.sitemaps.org https://www.sitemaps.org/ko/
2020/11/05 09:23:14 #001: 200     15681    284.611000ms https://www.sitemaps.org/faq.html https://www.sitemaps.org/ja/terms.html
2020/11/05 09:23:14 #003: 200     45077    151.264000ms https://www.sitemaps.org/protocol.html https://www.sitemaps.org/ko/
2020/11/05 09:23:14 #005: 200     10839    281.960000ms https://www.sitemaps.org/terms.html https://www.sitemaps.org/ko/
2020/11/05 09:23:14 #004: 200     15681    288.076000ms https://www.sitemaps.org/faq.html https://www.sitemaps.org/ko/
2020/11/05 09:23:14 #001: 200      4403    148.759000ms https://www.sitemaps.org https://www.sitemaps.org/ko/faq.html
2020/11/05 09:23:14 #002: 200      4403    290.536000ms http://www.sitemaps.org/ https://www.sitemaps.org/ko/faq.html
2020/11/05 09:23:14 #003: 200     45077    283.243000ms https://www.sitemaps.org/protocol.html https://www.sitemaps.org/ko/faq.html
2020/11/05 09:23:14 #004: 404      1245    155.376000ms https://www.sitemaps.org/protocol.htm https://www.sitemaps.org/ko/faq.html
2020/11/05 09:23:14 #005: 200      4403    155.577000ms https://www.sitemaps.org/index.html https://www.sitemaps.org/ko/faq.html
2020/11/05 09:23:14 #001: 200      2591    286.451000ms http://www.sitemaps.org/schemas/sitemap/0.9/siteindex.xsd https://www.sitemaps.org/ko/faq.html
2020/11/05 09:23:14 #003: 200     10839    143.738000ms https://www.sitemaps.org/terms.html https://www.sitemaps.org/ko/faq.html
2020/11/05 09:23:14 #005: 200     15681    141.580000ms https://www.sitemaps.org/faq.html https://www.sitemaps.org/ko/protocol.html
2020/11/05 09:23:14 #002: 404      1245    286.175000ms http://www.sitemaps.org/protocol.htm https://www.sitemaps.org/ko/faq.html
2020/11/05 09:23:14 #001: 200      4403    145.432000ms https://www.sitemaps.org https://www.sitemaps.org/ko/protocol.html
2020/11/05 09:23:14 #004: 200      4451    282.556000ms http://www.sitemaps.org/schemas/sitemap/0.9/sitemap.xsd https://www.sitemaps.org/ko/faq.html
2020/11/05 09:23:14 #005: 200      4403    141.283000ms https://www.sitemaps.org/index.html https://www.sitemaps.org/ko/protocol.html
2020/11/05 09:23:15 #003: 200      4403    284.492000ms http://www.sitemaps.org/ https://www.sitemaps.org/ko/protocol.html
2020/11/05 09:23:15 #004: 200     10839    141.909000ms https://www.sitemaps.org/terms.html https://www.sitemaps.org/ko/protocol.html
2020/11/05 09:23:15 #005: 200      4403    142.093000ms https://www.sitemaps.org https://www.sitemaps.org/nl/protocol.html
2020/11/05 09:23:15 #002: 200      2591    285.587000ms http://www.sitemaps.org/schemas/sitemap/0.9/siteindex.xsd https://www.sitemaps.org/ko/protocol.html
2020/11/05 09:23:15 #001: 200      4451    284.277000ms http://www.sitemaps.org/schemas/sitemap/0.9/sitemap.xsd https://www.sitemaps.org/ko/protocol.html
2020/11/05 09:23:15 #005: 200      4403    141.702000ms https://www.sitemaps.org/index.html https://www.sitemaps.org/nl/protocol.html
2020/11/05 09:23:15 #004: 200     15681    143.723000ms https://www.sitemaps.org/faq.html https://www.sitemaps.org/nl/protocol.html
2020/11/05 09:23:15 #003: 200      4403    283.195000ms http://www.sitemaps.org/ https://www.sitemaps.org/nl/protocol.html
2020/11/05 09:23:15 #005: 200     10839    141.606000ms https://www.sitemaps.org/terms.html https://www.sitemaps.org/nl/protocol.html
2020/11/05 09:23:15 #004: 200      4403    141.682000ms https://www.sitemaps.org/index.html https://www.sitemaps.org/ko/terms.html
2020/11/05 09:23:15 #002: 200      4451    282.808000ms http://www.sitemaps.org/schemas/sitemap/0.9/sitemap.xsd https://www.sitemaps.org/nl/protocol.html
2020/11/05 09:23:15 #001: 200      2591    287.485000ms http://www.sitemaps.org/schemas/sitemap/0.9/siteindex.xsd https://www.sitemaps.org/nl/protocol.html
2020/11/05 09:23:15 #003: 200     45077    147.983000ms https://www.sitemaps.org/protocol.html https://www.sitemaps.org/ko/terms.html
2020/11/05 09:23:15 #005: 200     15681    278.381000ms https://www.sitemaps.org/faq.html https://www.sitemaps.org/ko/terms.html
2020/11/05 09:23:15 #004: 200      4403    284.489000ms https://www.sitemaps.org https://www.sitemaps.org/no/
2020/11/05 09:23:15 #002: 200     15681    150.759000ms https://www.sitemaps.org/faq.html https://www.sitemaps.org/no/
2020/11/05 09:23:15 #001: 200     10839    282.070000ms https://www.sitemaps.org/terms.html https://www.sitemaps.org/no/
2020/11/05 09:23:15 #003: 200     45077    284.714000ms https://www.sitemaps.org/protocol.html https://www.sitemaps.org/no/
2020/11/05 09:23:15 #005: 200     45077    149.094000ms https://www.sitemaps.org/protocol.html https://www.sitemaps.org/nl/
2020/11/05 09:23:15 #004: 200      4403    282.985000ms https://www.sitemaps.org https://www.sitemaps.org/nl/
2020/11/05 09:23:15 #001: 200     10839    143.815000ms https://www.sitemaps.org/terms.html https://www.sitemaps.org/nl/
2020/11/05 09:23:15 #002: 200     15681    282.617000ms https://www.sitemaps.org/faq.html https://www.sitemaps.org/nl/
2020/11/05 09:23:15 #003: 200      4403    144.581000ms https://www.sitemaps.org https://www.sitemaps.org/nl/faq.html
2020/11/05 09:23:16 #002: 200      4403    143.832000ms https://www.sitemaps.org/index.html https://www.sitemaps.org/nl/faq.html
2020/11/05 09:23:16 #005: 200      4403    286.764000ms http://www.sitemaps.org/ https://www.sitemaps.org/nl/faq.html
2020/11/05 09:23:16 #004: 404      1245    166.191000ms https://www.sitemaps.org/protocol.htm https://www.sitemaps.org/nl/faq.html
2020/11/05 09:23:16 #001: 200     45077    166.605000ms https://www.sitemaps.org/protocol.html https://www.sitemaps.org/nl/faq.html
2020/11/05 09:23:16 #003: 404      1245    281.759000ms http://www.sitemaps.org/protocol.htm https://www.sitemaps.org/nl/faq.html
2020/11/05 09:23:16 #004: 200     10839    141.852000ms https://www.sitemaps.org/terms.html https://www.sitemaps.org/nl/faq.html
2020/11/05 09:23:16 #001: 200      4403    141.212000ms https://www.sitemaps.org https://www.sitemaps.org/no/protocol.html
2020/11/05 09:23:16 #002: 200      4451    284.694000ms http://www.sitemaps.org/schemas/sitemap/0.9/sitemap.xsd https://www.sitemaps.org/nl/faq.html
2020/11/05 09:23:16 #005: 200      2591    284.634000ms http://www.sitemaps.org/schemas/sitemap/0.9/siteindex.xsd https://www.sitemaps.org/nl/faq.html
2020/11/05 09:23:16 #001: 200     15681    141.168000ms https://www.sitemaps.org/faq.html https://www.sitemaps.org/no/protocol.html
2020/11/05 09:23:16 #003: 200      2591    288.545000ms http://www.sitemaps.org/schemas/sitemap/0.9/siteindex.xsd https://www.sitemaps.org/no/protocol.html
2020/11/05 09:23:16 #002: 200      4403    148.060000ms https://www.sitemaps.org/index.html https://www.sitemaps.org/no/protocol.html
2020/11/05 09:23:16 #004: 200      4403    283.121000ms http://www.sitemaps.org/ https://www.sitemaps.org/no/protocol.html
2020/11/05 09:23:16 #001: 200     10839    141.056000ms https://www.sitemaps.org/terms.html https://www.sitemaps.org/no/protocol.html
2020/11/05 09:23:16 #005: 200      4451    288.701000ms http://www.sitemaps.org/schemas/sitemap/0.9/sitemap.xsd https://www.sitemaps.org/no/protocol.html
2020/11/05 09:23:16 #003: 200     45077    145.775000ms https://www.sitemaps.org/protocol.html https://www.sitemaps.org/nl/terms.html
2020/11/05 09:23:16 #002: 200      4403    154.866000ms https://www.sitemaps.org/index.html https://www.sitemaps.org/nl/terms.html
2020/11/05 09:23:16 #004: 200     15681    142.125000ms https://www.sitemaps.org/faq.html https://www.sitemaps.org/nl/terms.html
2020/11/05 09:23:16 #001: 200      4403    274.546000ms https://www.sitemaps.org https://www.sitemaps.org/no/faq.html
2020/11/05 09:23:16 #002: 404      1245    140.891000ms https://www.sitemaps.org/protocol.htm https://www.sitemaps.org/no/faq.html
2020/11/05 09:23:16 #003: 200      4451    294.616000ms http://www.sitemaps.org/schemas/sitemap/0.9/sitemap.xsd https://www.sitemaps.org/no/faq.html
2020/11/05 09:23:16 #005: 200      4403    297.993000ms http://www.sitemaps.org/ https://www.sitemaps.org/no/faq.html
2020/11/05 09:23:16 #002: 200     10839    147.640000ms https://www.sitemaps.org/terms.html https://www.sitemaps.org/no/faq.html
2020/11/05 09:23:17 #004: 200      2591    440.877000ms http://www.sitemaps.org/schemas/sitemap/0.9/siteindex.xsd https://www.sitemaps.org/no/faq.html
2020/11/05 09:23:17 #001: 404      1245    307.503000ms http://www.sitemaps.org/protocol.htm https://www.sitemaps.org/no/faq.html
2020/11/05 09:23:17 #005: 200      4403    154.157000ms https://www.sitemaps.org/index.html https://www.sitemaps.org/no/faq.html
2020/11/05 09:23:17 #003: 200     45077    154.969000ms https://www.sitemaps.org/protocol.html https://www.sitemaps.org/no/faq.html
2020/11/05 09:23:17 #002: 200      4403    297.418000ms https://www.sitemaps.org https://www.sitemaps.org/pl/
2020/11/05 09:23:17 #004: 200     10839    144.556000ms https://www.sitemaps.org/terms.html https://www.sitemaps.org/pl/
2020/11/05 09:23:17 #001: 200     15681    144.466000ms https://www.sitemaps.org/faq.html https://www.sitemaps.org/pl/
2020/11/05 09:23:17 #005: 200     45077    144.625000ms https://www.sitemaps.org/protocol.html https://www.sitemaps.org/pl/
2020/11/05 09:23:17 #003: 200      4403    287.599000ms https://www.sitemaps.org https://www.sitemaps.org/pl/protocol.html
2020/11/05 09:23:17 #005: 200     15681    143.154000ms https://www.sitemaps.org/faq.html https://www.sitemaps.org/pl/protocol.html
2020/11/05 09:23:17 #004: 200      4451    287.617000ms http://www.sitemaps.org/schemas/sitemap/0.9/sitemap.xsd https://www.sitemaps.org/pl/protocol.html
2020/11/05 09:23:17 #002: 200      2591    287.946000ms http://www.sitemaps.org/schemas/sitemap/0.9/siteindex.xsd https://www.sitemaps.org/pl/protocol.html
2020/11/05 09:23:17 #003: 200      4403    144.560000ms https://www.sitemaps.org/index.html https://www.sitemaps.org/pl/protocol.html
2020/11/05 09:23:17 #005: 200     10839    144.085000ms https://www.sitemaps.org/terms.html https://www.sitemaps.org/pl/protocol.html
2020/11/05 09:23:17 #001: 200      4403    431.446000ms http://www.sitemaps.org/ https://www.sitemaps.org/pl/protocol.html
2020/11/05 09:23:17 #003: 200      4403    143.737000ms https://www.sitemaps.org/index.html https://www.sitemaps.org/no/terms.html
2020/11/05 09:23:17 #005: 200      4403    143.431000ms https://www.sitemaps.org https://www.sitemaps.org/pl/faq.html
2020/11/05 09:23:17 #004: 200     45077    144.846000ms https://www.sitemaps.org/protocol.html https://www.sitemaps.org/no/terms.html
2020/11/05 09:23:17 #002: 200     15681    145.695000ms https://www.sitemaps.org/faq.html https://www.sitemaps.org/no/terms.html
2020/11/05 09:23:17 #002: 404      1245    142.736000ms https://www.sitemaps.org/protocol.htm https://www.sitemaps.org/pl/faq.html
2020/11/05 09:23:17 #003: 200     10839    144.346000ms https://www.sitemaps.org/terms.html https://www.sitemaps.org/pl/faq.html
2020/11/05 09:23:17 #005: 200      2591    287.254000ms http://www.sitemaps.org/schemas/sitemap/0.9/siteindex.xsd https://www.sitemaps.org/pl/faq.html
2020/11/05 09:23:17 #001: 200      4403    290.452000ms http://www.sitemaps.org/ https://www.sitemaps.org/pl/faq.html
2020/11/05 09:23:18 #004: 200      4451    430.507000ms http://www.sitemaps.org/schemas/sitemap/0.9/sitemap.xsd https://www.sitemaps.org/pl/faq.html
2020/11/05 09:23:18 #003: 200      4403    286.525000ms https://www.sitemaps.org/index.html https://www.sitemaps.org/pl/faq.html
2020/11/05 09:23:18 #005: 200     45077    143.979000ms https://www.sitemaps.org/protocol.html https://www.sitemaps.org/pl/faq.html
2020/11/05 09:23:18 #002: 404      1245    428.922000ms http://www.sitemaps.org/protocol.htm https://www.sitemaps.org/pl/faq.html
2020/11/05 09:23:18 #004: 200     15681    145.990000ms https://www.sitemaps.org/faq.html https://www.sitemaps.org/pl/terms.html
2020/11/05 09:23:18 #001: 200     45077    288.065000ms https://www.sitemaps.org/protocol.html https://www.sitemaps.org/pl/terms.html
2020/11/05 09:23:18 #003: 200      4403    284.094000ms https://www.sitemaps.org/index.html https://www.sitemaps.org/pl/terms.html
2020/11/05 09:23:18 #002: 200     45077    145.760000ms https://www.sitemaps.org/protocol.html https://www.sitemaps.org/pt_BR/
2020/11/05 09:23:18 #005: 200      4403    286.670000ms https://www.sitemaps.org https://www.sitemaps.org/pt_BR/
2020/11/05 09:23:18 #001: 200     15681    143.061000ms https://www.sitemaps.org/faq.html https://www.sitemaps.org/pt_BR/
2020/11/05 09:23:18 #004: 200     10839    147.821000ms https://www.sitemaps.org/terms.html https://www.sitemaps.org/pt_BR/
2020/11/05 09:23:18 #003: 200      4403    142.976000ms https://www.sitemaps.org https://www.sitemaps.org/pt_BR/protocol.html
2020/11/05 09:23:18 #005: 200     15681    140.781000ms https://www.sitemaps.org/faq.html https://www.sitemaps.org/pt_BR/protocol.html
2020/11/05 09:23:18 #001: 200      4403    148.247000ms https://www.sitemaps.org/index.html https://www.sitemaps.org/pt_BR/protocol.html
2020/11/05 09:23:18 #002: 200      4403    284.430000ms http://www.sitemaps.org/ https://www.sitemaps.org/pt_BR/protocol.html
2020/11/05 09:23:18 #005: 200     10839    143.092000ms https://www.sitemaps.org/terms.html https://www.sitemaps.org/pt_BR/protocol.html
2020/11/05 09:23:18 #004: 200      4451    283.381000ms http://www.sitemaps.org/schemas/sitemap/0.9/sitemap.xsd https://www.sitemaps.org/pt_BR/protocol.html
2020/11/05 09:23:18 #001: 200     45077    142.596000ms https://www.sitemaps.org/protocol.html https://www.sitemaps.org/pt_BR/terms.html
2020/11/05 09:23:18 #003: 200      2591    289.314000ms http://www.sitemaps.org/schemas/sitemap/0.9/siteindex.xsd https://www.sitemaps.org/pt_BR/protocol.html
2020/11/05 09:23:18 #005: 200      4403    143.137000ms https://www.sitemaps.org/index.html https://www.sitemaps.org/pt_BR/terms.html
2020/11/05 09:23:18 #002: 200     15681    144.283000ms https://www.sitemaps.org/faq.html https://www.sitemaps.org/pt_BR/terms.html
2020/11/05 09:23:18 #004: 200      4403    141.862000ms https://www.sitemaps.org https://www.sitemaps.org/pt_BR/faq.html
2020/11/05 09:23:18 #001: 404      1245    140.641000ms https://www.sitemaps.org/protocol.htm https://www.sitemaps.org/pt_BR/faq.html
2020/11/05 09:23:18 #002: 200     10839    142.631000ms https://www.sitemaps.org/terms.html https://www.sitemaps.org/pt_BR/faq.html
2020/11/05 09:23:19 #005: 200      4451    285.234000ms http://www.sitemaps.org/schemas/sitemap/0.9/sitemap.xsd https://www.sitemaps.org/pt_BR/faq.html
2020/11/05 09:23:19 #003: 200      2591    286.565000ms http://www.sitemaps.org/schemas/sitemap/0.9/siteindex.xsd https://www.sitemaps.org/pt_BR/faq.html
2020/11/05 09:23:19 #002: 200     45077    143.127000ms https://www.sitemaps.org/protocol.html https://www.sitemaps.org/pt_BR/faq.html
2020/11/05 09:23:19 #005: 200      4403    143.603000ms https://www.sitemaps.org/index.html https://www.sitemaps.org/pt_BR/faq.html
2020/11/05 09:23:19 #001: 200      4403    422.082000ms http://www.sitemaps.org/ https://www.sitemaps.org/pt_BR/faq.html
2020/11/05 09:23:19 #003: 200      4403    143.364000ms https://www.sitemaps.org https://www.sitemaps.org/ro/
2020/11/05 09:23:19 #004: 404      1245    568.523000ms http://www.sitemaps.org/protocol.htm https://www.sitemaps.org/pt_BR/faq.html
2020/11/05 09:23:19 #005: 200     10839    143.639000ms https://www.sitemaps.org/terms.html https://www.sitemaps.org/ro/
2020/11/05 09:23:19 #002: 200     15681    284.515000ms https://www.sitemaps.org/faq.html https://www.sitemaps.org/ro/
2020/11/05 09:23:19 #004: 200     15681    144.309000ms https://www.sitemaps.org/faq.html https://www.sitemaps.org/ru/
2020/11/05 09:23:19 #001: 200     45077    286.865000ms https://www.sitemaps.org/protocol.html https://www.sitemaps.org/ro/
2020/11/05 09:23:19 #003: 200      4403    287.908000ms https://www.sitemaps.org https://www.sitemaps.org/ru/
2020/11/05 09:23:19 #002: 200     10839    285.401000ms https://www.sitemaps.org/terms.html https://www.sitemaps.org/ru/
2020/11/05 09:23:19 #003: 200     15681    143.154000ms https://www.sitemaps.org/faq.html https://www.sitemaps.org/ro/protocol.html
2020/11/05 09:23:19 #005: 200     45077    286.862000ms https://www.sitemaps.org/protocol.html https://www.sitemaps.org/ru/
2020/11/05 09:23:19 #004: 200      4403    145.242000ms https://www.sitemaps.org https://www.sitemaps.org/ro/protocol.html
2020/11/05 09:23:19 #001: 200      4403    286.963000ms http://www.sitemaps.org/ https://www.sitemaps.org/ro/protocol.html
2020/11/05 09:23:19 #002: 200      4403    143.989000ms https://www.sitemaps.org/index.html https://www.sitemaps.org/ro/protocol.html
2020/11/05 09:23:19 #005: 200     10839    143.325000ms https://www.sitemaps.org/terms.html https://www.sitemaps.org/ro/protocol.html
2020/11/05 09:23:19 #002: 200     15681    148.135000ms https://www.sitemaps.org/faq.html https://www.sitemaps.org/ro/terms.html
2020/11/05 09:23:19 #004: 200      4451    292.756000ms http://www.sitemaps.org/schemas/sitemap/0.9/sitemap.xsd https://www.sitemaps.org/ro/protocol.html
2020/11/05 09:23:19 #001: 200     45077    148.717000ms https://www.sitemaps.org/protocol.html https://www.sitemaps.org/ro/terms.html
2020/11/05 09:23:19 #005: 200      4403    148.961000ms https://www.sitemaps.org/index.html https://www.sitemaps.org/ro/terms.html
2020/11/05 09:23:20 #003: 200      2591    434.755000ms http://www.sitemaps.org/schemas/sitemap/0.9/siteindex.xsd https://www.sitemaps.org/ro/protocol.html
2020/11/05 09:23:20 #002: 200      4403    143.094000ms https://www.sitemaps.org https://www.sitemaps.org/ro/faq.html
2020/11/05 09:23:20 #005: 200     45077    142.070000ms https://www.sitemaps.org/protocol.html https://www.sitemaps.org/ro/faq.html
2020/11/05 09:23:20 #003: 200      4403    142.513000ms https://www.sitemaps.org/index.html https://www.sitemaps.org/ro/faq.html
2020/11/05 09:23:20 #002: 404      1245    144.571000ms https://www.sitemaps.org/protocol.htm https://www.sitemaps.org/ro/faq.html
2020/11/05 09:23:20 #001: 200      4451    286.733000ms http://www.sitemaps.org/schemas/sitemap/0.9/sitemap.xsd https://www.sitemaps.org/ro/faq.html
2020/11/05 09:23:20 #004: 200      4403    290.889000ms http://www.sitemaps.org/ https://www.sitemaps.org/ro/faq.html
2020/11/05 09:23:20 #003: 200     10839    143.036000ms https://www.sitemaps.org/terms.html https://www.sitemaps.org/ro/faq.html
2020/11/05 09:23:20 #005: 200      2591    284.841000ms http://www.sitemaps.org/schemas/sitemap/0.9/siteindex.xsd https://www.sitemaps.org/ro/faq.html
2020/11/05 09:23:20 #001: 200      4403    142.712000ms https://www.sitemaps.org https://www.sitemaps.org/ru/faq.html
2020/11/05 09:23:20 #004: 404      1245    141.609000ms https://www.sitemaps.org/protocol.htm https://www.sitemaps.org/ru/faq.html
2020/11/05 09:23:20 #002: 404      1245    284.916000ms http://www.sitemaps.org/protocol.htm https://www.sitemaps.org/ro/faq.html
2020/11/05 09:23:20 #001: 200      4403    141.956000ms https://www.sitemaps.org/index.html https://www.sitemaps.org/ru/faq.html
2020/11/05 09:23:20 #003: 200     45077    143.831000ms https://www.sitemaps.org/protocol.html https://www.sitemaps.org/ru/faq.html
2020/11/05 09:23:20 #005: 200      4403    286.013000ms http://www.sitemaps.org/ https://www.sitemaps.org/ru/faq.html
2020/11/05 09:23:20 #001: 200     10839    143.922000ms https://www.sitemaps.org/terms.html https://www.sitemaps.org/ru/faq.html
2020/11/05 09:23:20 #004: 200      2591    425.627000ms http://www.sitemaps.org/schemas/sitemap/0.9/siteindex.xsd https://www.sitemaps.org/ru/faq.html
2020/11/05 09:23:20 #002: 404      1245    287.451000ms http://www.sitemaps.org/protocol.htm https://www.sitemaps.org/ru/faq.html
2020/11/05 09:23:20 #005: 200     45077    285.064000ms https://www.sitemaps.org/protocol.html https://www.sitemaps.org/ru/terms.html
2020/11/05 09:23:20 #003: 200      4451    430.513000ms http://www.sitemaps.org/schemas/sitemap/0.9/sitemap.xsd https://www.sitemaps.org/ru/faq.html
2020/11/05 09:23:21 #001: 200      4403    426.607000ms https://www.sitemaps.org/index.html https://www.sitemaps.org/ru/terms.html
2020/11/05 09:23:21 #004: 200     15681    287.196000ms https://www.sitemaps.org/faq.html https://www.sitemaps.org/ru/terms.html
2020/11/05 09:23:21 #002: 200      4403    291.694000ms https://www.sitemaps.org https://www.sitemaps.org/ru/protocol.html
2020/11/05 09:23:21 #005: 200      4403    284.739000ms http://www.sitemaps.org/ https://www.sitemaps.org/ru/protocol.html
2020/11/05 09:23:21 #003: 200     15681    283.527000ms https://www.sitemaps.org/faq.html https://www.sitemaps.org/ru/protocol.html
2020/11/05 09:23:21 #001: 200      4403    145.248000ms https://www.sitemaps.org/index.html https://www.sitemaps.org/ru/protocol.html
2020/11/05 09:23:21 #002: 200     10839    141.500000ms https://www.sitemaps.org/terms.html https://www.sitemaps.org/ru/protocol.html
2020/11/05 09:23:21 #003: 200      4403    142.633000ms https://www.sitemaps.org https://www.sitemaps.org/sv/protocol.html
2020/11/05 09:23:21 #002: 200     15681    142.327000ms https://www.sitemaps.org/faq.html https://www.sitemaps.org/sv/protocol.html
2020/11/05 09:23:21 #004: 200      4451    292.036000ms http://www.sitemaps.org/schemas/sitemap/0.9/sitemap.xsd https://www.sitemaps.org/ru/protocol.html
2020/11/05 09:23:21 #005: 200      2591    287.085000ms http://www.sitemaps.org/schemas/sitemap/0.9/siteindex.xsd https://www.sitemaps.org/ru/protocol.html
2020/11/05 09:23:21 #003: 200      4403    146.519000ms https://www.sitemaps.org/index.html https://www.sitemaps.org/sv/protocol.html
2020/11/05 09:23:21 #001: 200      4403    289.871000ms http://www.sitemaps.org/ https://www.sitemaps.org/sv/protocol.html
2020/11/05 09:23:21 #005: 200     10839    143.191000ms https://www.sitemaps.org/terms.html https://www.sitemaps.org/sv/protocol.html
2020/11/05 09:23:21 #002: 200      4451    283.351000ms http://www.sitemaps.org/schemas/sitemap/0.9/sitemap.xsd https://www.sitemaps.org/sv/protocol.html
2020/11/05 09:23:21 #003: 200      4403    142.433000ms https://www.sitemaps.org https://www.sitemaps.org/sv/
2020/11/05 09:23:21 #004: 200      2591    284.029000ms http://www.sitemaps.org/schemas/sitemap/0.9/siteindex.xsd https://www.sitemaps.org/sv/protocol.html
2020/11/05 09:23:21 #001: 200     15681    281.009000ms https://www.sitemaps.org/faq.html https://www.sitemaps.org/sv/
2020/11/05 09:23:21 #002: 200     10839    142.386000ms https://www.sitemaps.org/terms.html https://www.sitemaps.org/sv/
2020/11/05 09:23:21 #005: 200     45077    143.907000ms https://www.sitemaps.org/protocol.html https://www.sitemaps.org/sv/
2020/11/05 09:23:21 #003: 200     45077    146.059000ms https://www.sitemaps.org/protocol.html https://www.sitemaps.org/sv/terms.html
2020/11/05 09:23:21 #004: 200     15681    281.690000ms https://www.sitemaps.org/faq.html https://www.sitemaps.org/sv/terms.html
2020/11/05 09:23:21 #001: 200      4403    144.045000ms https://www.sitemaps.org/index.html https://www.sitemaps.org/sv/terms.html
2020/11/05 09:23:21 #002: 200     15681    143.632000ms https://www.sitemaps.org/faq.html https://www.sitemaps.org/tr/
2020/11/05 09:23:21 #003: 200      4403    140.985000ms https://www.sitemaps.org https://www.sitemaps.org/tr/
2020/11/05 09:23:21 #005: 200     45077    142.861000ms https://www.sitemaps.org/protocol.html https://www.sitemaps.org/tr/
2020/11/05 09:23:22 #004: 200     10839    144.268000ms https://www.sitemaps.org/terms.html https://www.sitemaps.org/tr/
2020/11/05 09:23:22 #005: 200      4403    142.638000ms https://www.sitemaps.org/index.html https://www.sitemaps.org/sv/faq.html
2020/11/05 09:23:22 #001: 200      4403    151.098000ms https://www.sitemaps.org https://www.sitemaps.org/sv/faq.html
2020/11/05 09:23:22 #003: 200     45077    149.222000ms https://www.sitemaps.org/protocol.html https://www.sitemaps.org/sv/faq.html
2020/11/05 09:23:22 #002: 200      4403    285.476000ms http://www.sitemaps.org/ https://www.sitemaps.org/sv/faq.html
2020/11/05 09:23:22 #004: 404      1245    141.820000ms https://www.sitemaps.org/protocol.htm https://www.sitemaps.org/sv/faq.html
2020/11/05 09:23:22 #005: 404      1245    284.341000ms http://www.sitemaps.org/protocol.htm https://www.sitemaps.org/sv/faq.html
2020/11/05 09:23:22 #004: 200      4403    143.754000ms https://www.sitemaps.org https://www.sitemaps.org/tr/faq.html
2020/11/05 09:23:22 #002: 200     10839    148.720000ms https://www.sitemaps.org/terms.html https://www.sitemaps.org/sv/faq.html
2020/11/05 09:23:22 #001: 200      4451    284.017000ms http://www.sitemaps.org/schemas/sitemap/0.9/sitemap.xsd https://www.sitemaps.org/sv/faq.html
2020/11/05 09:23:22 #004: 200      4403    142.324000ms https://www.sitemaps.org/index.html https://www.sitemaps.org/tr/faq.html
2020/11/05 09:23:22 #003: 200      2591    422.808000ms http://www.sitemaps.org/schemas/sitemap/0.9/siteindex.xsd https://www.sitemaps.org/sv/faq.html
2020/11/05 09:23:22 #001: 404      1245    142.785000ms https://www.sitemaps.org/protocol.htm https://www.sitemaps.org/tr/faq.html
2020/11/05 09:23:22 #002: 200     45077    143.457000ms https://www.sitemaps.org/protocol.html https://www.sitemaps.org/tr/faq.html
2020/11/05 09:23:22 #005: 200      4403    287.267000ms http://www.sitemaps.org/ https://www.sitemaps.org/tr/faq.html
2020/11/05 09:23:22 #001: 200     10839    142.379000ms https://www.sitemaps.org/terms.html https://www.sitemaps.org/tr/faq.html
2020/11/05 09:23:22 #004: 200      4451    286.615000ms http://www.sitemaps.org/schemas/sitemap/0.9/sitemap.xsd https://www.sitemaps.org/tr/faq.html
2020/11/05 09:23:22 #003: 404      1245    284.356000ms http://www.sitemaps.org/protocol.htm https://www.sitemaps.org/tr/faq.html
2020/11/05 09:23:22 #005: 200      4403    145.267000ms https://www.sitemaps.org https://www.sitemaps.org/tr/protocol.html
2020/11/05 09:23:22 #002: 200      2591    423.939000ms http://www.sitemaps.org/schemas/sitemap/0.9/siteindex.xsd https://www.sitemaps.org/tr/faq.html
2020/11/05 09:23:22 #004: 200      4403    144.700000ms https://www.sitemaps.org/index.html https://www.sitemaps.org/tr/protocol.html
2020/11/05 09:23:22 #003: 200     15681    146.364000ms https://www.sitemaps.org/faq.html https://www.sitemaps.org/tr/protocol.html
2020/11/05 09:23:23 #005: 200      2591    285.958000ms http://www.sitemaps.org/schemas/sitemap/0.9/siteindex.xsd https://www.sitemaps.org/tr/protocol.html
2020/11/05 09:23:23 #001: 200      4403    428.316000ms http://www.sitemaps.org/ https://www.sitemaps.org/tr/protocol.html
2020/11/05 09:23:23 #004: 200     10839    144.490000ms https://www.sitemaps.org/terms.html https://www.sitemaps.org/tr/protocol.html
2020/11/05 09:23:23 #002: 200      4451    289.638000ms http://www.sitemaps.org/schemas/sitemap/0.9/sitemap.xsd https://www.sitemaps.org/tr/protocol.html
2020/11/05 09:23:23 #003: 200      4403    288.343000ms https://www.sitemaps.org https://www.sitemaps.org/zh_CN/
2020/11/05 09:23:23 #005: 200     15681    146.724000ms https://www.sitemaps.org/faq.html https://www.sitemaps.org/zh_CN/
2020/11/05 09:23:23 #001: 200     45077    146.596000ms https://www.sitemaps.org/protocol.html https://www.sitemaps.org/zh_CN/
2020/11/05 09:23:23 #004: 200     10839    285.376000ms https://www.sitemaps.org/terms.html https://www.sitemaps.org/zh_CN/
2020/11/05 09:23:23 #002: 200      4403    142.942000ms https://www.sitemaps.org https://www.sitemaps.org/zh_CN/protocol.html
2020/11/05 09:23:23 #003: 200     15681    142.241000ms https://www.sitemaps.org/faq.html https://www.sitemaps.org/zh_CN/protocol.html
2020/11/05 09:23:23 #001: 200      4403    143.837000ms https://www.sitemaps.org/index.html https://www.sitemaps.org/zh_CN/protocol.html
2020/11/05 09:23:23 #005: 200      4403    282.846000ms http://www.sitemaps.org/ https://www.sitemaps.org/zh_CN/protocol.html
2020/11/05 09:23:23 #003: 200     10839    142.328000ms https://www.sitemaps.org/terms.html https://www.sitemaps.org/zh_CN/protocol.html
2020/11/05 09:23:23 #001: 200     45077    143.281000ms https://www.sitemaps.org/protocol.html https://www.sitemaps.org/tr/terms.html
2020/11/05 09:23:23 #004: 200      2591    284.561000ms http://www.sitemaps.org/schemas/sitemap/0.9/siteindex.xsd https://www.sitemaps.org/zh_CN/protocol.html
2020/11/05 09:23:23 #002: 200      4451    283.659000ms http://www.sitemaps.org/schemas/sitemap/0.9/sitemap.xsd https://www.sitemaps.org/zh_CN/protocol.html
2020/11/05 09:23:23 #005: 200     15681    142.145000ms https://www.sitemaps.org/faq.html https://www.sitemaps.org/tr/terms.html
2020/11/05 09:23:23 #003: 200      4403    141.373000ms https://www.sitemaps.org/index.html https://www.sitemaps.org/tr/terms.html
2020/11/05 09:23:23 #001: 200      4403    142.772000ms https://www.sitemaps.org https://www.sitemaps.org/zh_CN/faq.html
2020/11/05 09:23:23 #002: 404      1245    141.358000ms https://www.sitemaps.org/protocol.htm https://www.sitemaps.org/zh_CN/faq.html
2020/11/05 09:23:23 #005: 200     45077    142.487000ms https://www.sitemaps.org/protocol.html https://www.sitemaps.org/zh_CN/faq.html
2020/11/05 09:23:23 #003: 200      4403    144.100000ms https://www.sitemaps.org/index.html https://www.sitemaps.org/zh_CN/faq.html
2020/11/05 09:23:23 #004: 200      4403    283.550000ms http://www.sitemaps.org/ https://www.sitemaps.org/zh_CN/faq.html
2020/11/05 09:23:23 #001: 404      1245    281.576000ms http://www.sitemaps.org/protocol.htm https://www.sitemaps.org/zh_CN/faq.html
2020/11/05 09:23:23 #003: 200     10839    142.728000ms https://www.sitemaps.org/terms.html https://www.sitemaps.org/zh_CN/faq.html
2020/11/05 09:23:24 #002: 200      2591    285.158000ms http://www.sitemaps.org/schemas/sitemap/0.9/siteindex.xsd https://www.sitemaps.org/zh_CN/faq.html
2020/11/05 09:23:24 #005: 200      4451    289.308000ms http://www.sitemaps.org/schemas/sitemap/0.9/sitemap.xsd https://www.sitemaps.org/zh_CN/faq.html
2020/11/05 09:23:24 #004: 200      4403    151.567000ms https://www.sitemaps.org https://www.sitemaps.org/zh_HK/protocol.html
2020/11/05 09:23:24 #003: 200     15681    144.908000ms https://www.sitemaps.org/faq.html https://www.sitemaps.org/zh_HK/protocol.html
2020/11/05 09:23:24 #001: 200      4403    287.432000ms http://www.sitemaps.org/ https://www.sitemaps.org/zh_HK/protocol.html
2020/11/05 09:23:24 #005: 200     10839    142.227000ms https://www.sitemaps.org/terms.html https://www.sitemaps.org/zh_HK/protocol.html
2020/11/05 09:23:24 #002: 200      4403    149.495000ms https://www.sitemaps.org/index.html https://www.sitemaps.org/zh_HK/protocol.html
2020/11/05 09:23:24 #003: 200      2591    282.364000ms http://www.sitemaps.org/schemas/sitemap/0.9/siteindex.xsd https://www.sitemaps.org/zh_HK/protocol.html
2020/11/05 09:23:24 #004: 200      4451    285.703000ms http://www.sitemaps.org/schemas/sitemap/0.9/sitemap.xsd https://www.sitemaps.org/zh_HK/protocol.html
2020/11/05 09:23:24 #005: 200     15681    143.593000ms https://www.sitemaps.org/faq.html https://www.sitemaps.org/zh_HK/terms.html
2020/11/05 09:23:24 #001: 200     45077    143.860000ms https://www.sitemaps.org/protocol.html https://www.sitemaps.org/zh_HK/terms.html
2020/11/05 09:23:24 #002: 200      4403    281.053000ms https://www.sitemaps.org/index.html https://www.sitemaps.org/zh_HK/terms.html
2020/11/05 09:23:24 #003: 200      4403    141.627000ms https://www.sitemaps.org https://www.sitemaps.org/zh_HK/faq.html
2020/11/05 09:23:24 #001: 200      4403    143.570000ms https://www.sitemaps.org/index.html https://www.sitemaps.org/zh_HK/faq.html
2020/11/05 09:23:24 #005: 200     45077    144.683000ms https://www.sitemaps.org/protocol.html https://www.sitemaps.org/zh_HK/faq.html
2020/11/05 09:23:24 #003: 404      1245    141.462000ms https://www.sitemaps.org/protocol.htm https://www.sitemaps.org/zh_HK/faq.html
2020/11/05 09:23:24 #004: 200      4403    282.621000ms http://www.sitemaps.org/ https://www.sitemaps.org/zh_HK/faq.html
2020/11/05 09:23:24 #005: 200     10839    142.455000ms https://www.sitemaps.org/terms.html https://www.sitemaps.org/zh_HK/faq.html
2020/11/05 09:23:24 #002: 200      4451    283.886000ms http://www.sitemaps.org/schemas/sitemap/0.9/sitemap.xsd https://www.sitemaps.org/zh_HK/faq.html
2020/11/05 09:23:24 #004: 200      4403    141.897000ms https://www.sitemaps.org https://www.sitemaps.org/zh_TW/
2020/11/05 09:23:24 #001: 404      1245    283.169000ms http://www.sitemaps.org/protocol.htm https://www.sitemaps.org/zh_HK/faq.html
2020/11/05 09:23:24 #005: 200     15681    142.488000ms https://www.sitemaps.org/faq.html https://www.sitemaps.org/zh_TW/
2020/11/05 09:23:25 #003: 200      2591    292.338000ms http://www.sitemaps.org/schemas/sitemap/0.9/siteindex.xsd https://www.sitemaps.org/zh_HK/faq.html
2020/11/05 09:23:25 #004: 200     10839    148.288000ms https://www.sitemaps.org/terms.html https://www.sitemaps.org/zh_TW/
2020/11/05 09:23:25 #001: 200     15681    144.199000ms https://www.sitemaps.org/faq.html https://www.sitemaps.org/zh_CN/terms.html
2020/11/05 09:23:25 #002: 200     45077    151.519000ms https://www.sitemaps.org/protocol.html https://www.sitemaps.org/zh_TW/
2020/11/05 09:23:25 #005: 200     45077    142.237000ms https://www.sitemaps.org/protocol.html https://www.sitemaps.org/zh_CN/terms.html
2020/11/05 09:23:25 #003: 200      4403    141.863000ms https://www.sitemaps.org/index.html https://www.sitemaps.org/zh_CN/terms.html
2020/11/05 09:23:25 #001: 200      4403    142.575000ms https://www.sitemaps.org https://www.sitemaps.org/zh_TW/faq.html
2020/11/05 09:23:25 #005: 200      4403    141.546000ms https://www.sitemaps.org/index.html https://www.sitemaps.org/zh_TW/faq.html
2020/11/05 09:23:25 #002: 200     45077    142.483000ms https://www.sitemaps.org/protocol.html https://www.sitemaps.org/zh_TW/faq.html
2020/11/05 09:23:25 #001: 404      1245    142.642000ms https://www.sitemaps.org/protocol.htm https://www.sitemaps.org/zh_TW/faq.html
2020/11/05 09:23:25 #004: 200      4403    285.746000ms http://www.sitemaps.org/ https://www.sitemaps.org/zh_TW/faq.html
2020/11/05 09:23:25 #002: 200     10839    162.199000ms https://www.sitemaps.org/terms.html https://www.sitemaps.org/zh_TW/faq.html
2020/11/05 09:23:25 #005: 200      4451    283.077000ms http://www.sitemaps.org/schemas/sitemap/0.9/sitemap.xsd https://www.sitemaps.org/zh_TW/faq.html
2020/11/05 09:23:25 #004: 200      4403    142.326000ms https://www.sitemaps.org https://www.sitemaps.org/zh_HK/
2020/11/05 09:23:25 #003: 404      1245    307.738000ms http://www.sitemaps.org/protocol.htm https://www.sitemaps.org/zh_TW/faq.html
2020/11/05 09:23:25 #001: 200      2591    288.879000ms http://www.sitemaps.org/schemas/sitemap/0.9/siteindex.xsd https://www.sitemaps.org/zh_TW/faq.html
2020/11/05 09:23:25 #002: 200      4403    265.877000ms https://www.sitemaps.org/index.html https://www.sitemaps.org/zh_TW/terms.html
2020/11/05 09:23:25 #005: 200     15681    165.028000ms https://www.sitemaps.org/faq.html https://www.sitemaps.org/zh_HK/
2020/11/05 09:23:25 #003: 200     15681    268.910000ms https://www.sitemaps.org/faq.html https://www.sitemaps.org/zh_TW/terms.html
2020/11/05 09:23:25 #004: 200     10839    290.875000ms https://www.sitemaps.org/terms.html https://www.sitemaps.org/zh_HK/
2020/11/05 09:23:25 #001: 200     45077    162.207000ms https://www.sitemaps.org/protocol.html https://www.sitemaps.org/zh_TW/terms.html
2020/11/05 09:23:25 #005: 200      4403    270.366000ms https://www.sitemaps.org https://www.sitemaps.org
2020/11/05 09:23:25 #002: 200     45077    289.528000ms https://www.sitemaps.org/protocol.html https://www.sitemaps.org/zh_HK/
2020/11/05 09:23:26 #005: 200      4403    144.128000ms https://www.sitemaps.org https://www.sitemaps.org/zh_TW/protocol.html
2020/11/05 09:23:26 #003: 200     45077    302.312000ms https://www.sitemaps.org/protocol.php https://www.sitemaps.org
2020/11/05 09:23:26 #001: 200     15681    286.445000ms https://www.sitemaps.org/faq.php https://www.sitemaps.org
2020/11/05 09:23:26 #004: 200     10839    317.025000ms https://www.sitemaps.org/terms.php https://www.sitemaps.org
2020/11/05 09:23:26 #005: 200     15681    143.156000ms https://www.sitemaps.org/faq.html https://www.sitemaps.org/zh_TW/protocol.html
2020/11/05 09:23:26 #002: 200      4403    287.445000ms http://www.sitemaps.org/ https://www.sitemaps.org/zh_TW/protocol.html
2020/11/05 09:23:26 #003: 200      4403    140.748000ms https://www.sitemaps.org/index.html https://www.sitemaps.org/zh_TW/protocol.html
2020/11/05 09:23:26 #001: 200     10839    143.137000ms https://www.sitemaps.org/terms.html https://www.sitemaps.org/zh_TW/protocol.html
2020/11/05 09:23:26 #002: 200      4403    143.343000ms https://www.sitemaps.org https://www.sitemaps.org/index.php
2020/11/05 09:23:26 #004: 200      4451    281.511000ms http://www.sitemaps.org/schemas/sitemap/0.9/sitemap.xsd https://www.sitemaps.org/zh_TW/protocol.html
2020/11/05 09:23:26 #005: 200      2591    288.880000ms http://www.sitemaps.org/schemas/sitemap/0.9/siteindex.xsd https://www.sitemaps.org/zh_TW/protocol.html
2020/11/05 09:23:26 #003: 200     15681    286.306000ms https://www.sitemaps.org/faq.php https://www.sitemaps.org/index.php
2020/11/05 09:23:26 #001: 200     10839    291.779000ms https://www.sitemaps.org/terms.php https://www.sitemaps.org/index.php
2020/11/05 09:23:26 #004: 200      4403    265.542000ms https://www.sitemaps.org https://www.sitemaps.org/protocol.php
2020/11/05 09:23:26 #002: 200     45077    294.380000ms https://www.sitemaps.org/protocol.php https://www.sitemaps.org/index.php
2020/11/05 09:23:26 #005: 200      4403    286.190000ms http://www.sitemaps.org/ https://www.sitemaps.org/protocol.php
2020/11/05 09:23:26 #003: 200     15681    285.958000ms https://www.sitemaps.org/faq.php https://www.sitemaps.org/protocol.php
2020/11/05 09:23:26 #001: 200      4403    283.509000ms https://www.sitemaps.org/index.php https://www.sitemaps.org/protocol.php
2020/11/05 09:23:26 #004: 200      4451    286.817000ms http://www.sitemaps.org/schemas/sitemap/0.9/sitemap.xsd https://www.sitemaps.org/protocol.php
2020/11/05 09:23:26 #002: 200     10839    283.666000ms https://www.sitemaps.org/terms.php https://www.sitemaps.org/protocol.php
2020/11/05 09:23:27 #005: 200      2591    289.690000ms http://www.sitemaps.org/schemas/sitemap/0.9/siteindex.xsd https://www.sitemaps.org/protocol.php
2020/11/05 09:23:27 #003: 200     45077    284.411000ms https://www.sitemaps.org/protocol.php https://www.sitemaps.org/terms.php
2020/11/05 09:23:27 #001: 200     15681    282.336000ms https://www.sitemaps.org/faq.php https://www.sitemaps.org/terms.php
2020/11/05 09:23:27 #004: 200      4403    290.870000ms https://www.sitemaps.org/index.php https://www.sitemaps.org/terms.php
2020/11/05 09:23:27 #002: 200      4403    285.786000ms http://www.sitemaps.org http://www.sitemaps.org/
2020/11/05 09:23:27 #004: 200      4403    143.691000ms https://www.sitemaps.org https://www.sitemaps.org/index.html
2020/11/05 09:23:27 #005: 200     10839    574.837000ms http://www.sitemaps.org/terms.php http://www.sitemaps.org/
2020/11/05 09:23:27 #002: 200     15681    575.575000ms https://www.sitemaps.org/faq.php https://www.sitemaps.org/index.html
2020/11/05 09:23:27 #003: 200     45077    714.954000ms http://www.sitemaps.org/protocol.php http://www.sitemaps.org/
2020/11/05 09:23:27 #004: 200     10839    580.417000ms https://www.sitemaps.org/terms.php https://www.sitemaps.org/index.html
2020/11/05 09:23:27 #001: 200     15681    860.701000ms http://www.sitemaps.org/faq.php http://www.sitemaps.org/
2020/11/05 09:23:27 #005: 200     45077    294.949000ms https://www.sitemaps.org/protocol.php https://www.sitemaps.org/index.html
2020/11/05 09:23:27 #002: 200      4403    149.949000ms https://www.sitemaps.org https://www.sitemaps.org/faq.php
2020/11/05 09:23:28 #005: 404      1245    142.669000ms https://www.sitemaps.org/protocol.ph https://www.sitemaps.org/faq.php
2020/11/05 09:23:28 #003: 200      4403    291.015000ms http://www.sitemaps.org/ https://www.sitemaps.org/faq.php
2020/11/05 09:23:28 #001: 200      4403    284.167000ms https://www.sitemaps.org/index.php https://www.sitemaps.org/faq.php
2020/11/05 09:23:28 #002: 200     10839    284.143000ms https://www.sitemaps.org/terms.php https://www.sitemaps.org/faq.php
2020/11/05 09:23:28 #004: 200     45077    285.330000ms https://www.sitemaps.org/protocol.php https://www.sitemaps.org/faq.php
2020/11/05 09:23:28 #005: 200      2591    286.928000ms http://www.sitemaps.org/schemas/sitemap/0.9/siteindex.xsd https://www.sitemaps.org/faq.php
2020/11/05 09:23:28 #003: 200      4451    286.954000ms http://www.sitemaps.org/schemas/sitemap/0.9/sitemap.xsd https://www.sitemaps.org/faq.php
2020/11/05 09:23:28 #002: 200      4403    286.489000ms http://www.sitemaps.org http://www.sitemaps.org
2020/11/05 09:23:28 #001: 404      1245    288.294000ms http://www.sitemaps.org/protocol.ph https://www.sitemaps.org/faq.php
2020/11/05 09:23:28 #004: 200     15681    574.449000ms http://www.sitemaps.org/faq.php http://www.sitemaps.org
2020/11/05 09:23:28 #003: 200     45077    576.393000ms http://www.sitemaps.org/protocol.php http://www.sitemaps.org
2020/11/05 09:23:29 #002: 200      4403    576.146000ms http://www.sitemaps.org/index.php http://www.sitemaps.org/terms.php
2020/11/05 09:23:29 #005: 200     10839    718.776000ms http://www.sitemaps.org/terms.php http://www.sitemaps.org
2020/11/05 09:23:29 #001: 200     45077    719.725000ms http://www.sitemaps.org/protocol.php http://www.sitemaps.org/terms.php
2020/11/05 09:23:29 #003: 200      4403    285.459000ms http://www.sitemaps.org/ http://www.sitemaps.org/protocol.php
2020/11/05 09:23:29 #004: 200     15681    437.148000ms http://www.sitemaps.org/faq.php http://www.sitemaps.org/terms.php
2020/11/05 09:23:29 #005: 200      4403    286.832000ms http://www.sitemaps.org http://www.sitemaps.org/protocol.php
2020/11/05 09:23:29 #002: 200     15681    429.495000ms http://www.sitemaps.org/faq.php http://www.sitemaps.org/protocol.php
2020/11/05 09:23:29 #003: 200      4451    285.913000ms http://www.sitemaps.org/schemas/sitemap/0.9/sitemap.xsd http://www.sitemaps.org/protocol.php
2020/11/05 09:23:29 #004: 200      2591    426.012000ms http://www.sitemaps.org/schemas/sitemap/0.9/siteindex.xsd http://www.sitemaps.org/protocol.php
2020/11/05 09:23:29 #001: 200      4403    431.544000ms http://www.sitemaps.org/index.php http://www.sitemaps.org/protocol.php
2020/11/05 09:23:29 #002: 200      4403    294.436000ms http://www.sitemaps.org http://www.sitemaps.org/faq.php
2020/11/05 09:23:29 #003: 200      4403    293.086000ms http://www.sitemaps.org/ http://www.sitemaps.org/faq.php
2020/11/05 09:23:29 #001: 200      4451    293.008000ms http://www.sitemaps.org/schemas/sitemap/0.9/sitemap.xsd http://www.sitemaps.org/faq.php
2020/11/05 09:23:29 #005: 200     10839    582.387000ms http://www.sitemaps.org/terms.php http://www.sitemaps.org/protocol.php
2020/11/05 09:23:30 #002: 404      1245    287.187000ms http://www.sitemaps.org/protocol.ph http://www.sitemaps.org/faq.php
2020/11/05 09:23:30 #003: 200      2591    287.942000ms http://www.sitemaps.org/schemas/sitemap/0.9/siteindex.xsd http://www.sitemaps.org/faq.php
2020/11/05 09:23:30 #004: 200     45077    436.843000ms http://www.sitemaps.org/protocol.php http://www.sitemaps.org/faq.php
2020/11/05 09:23:30 #002: 200      4403    290.302000ms http://www.sitemaps.org http://www.sitemaps.org/index.php
2020/11/05 09:23:30 #005: 200      4403    464.959000ms http://www.sitemaps.org/index.php http://www.sitemaps.org/faq.php
2020/11/05 09:23:30 #001: 200     10839    573.779000ms http://www.sitemaps.org/terms.php http://www.sitemaps.org/faq.php
2020/11/05 09:23:30 #003: 200     15681    430.907000ms http://www.sitemaps.org/faq.php http://www.sitemaps.org/index.php
2020/11/05 09:23:30 #004: 200     10839    577.606000ms http://www.sitemaps.org/terms.php http://www.sitemaps.org/index.php
2020/11/05 09:23:30 #002: 200     45077    493.263000ms http://www.sitemaps.org/protocol.php http://www.sitemaps.org/index.php
